0 info it worked if it ends with ok
1 verbose cli [ 'C:\\Program Files\\nodejs\\node.exe',
1 verbose cli   'C:\\Program Files\\nodejs\\node_modules\\npm\\bin\\npm-cli.js',
1 verbose cli   'install',
1 verbose cli   'express' ]
2 info using npm@2.14.12
3 info using node@v4.2.6
4 verbose install initial load of C:\Users\Eben\Google Drive\js_game\dungeonJS\package.json
5 verbose installManyTop reading scoped package data from C:\Users\Eben\Google Drive\js_game\dungeonJS\node_modules\desktop.ini\package.json
6 verbose installManyTop reading scoped package data from C:\Users\Eben\Google Drive\js_game\dungeonJS\node_modules\express\package.json
7 verbose readDependencies loading dependencies from C:\Users\Eben\Google Drive\js_game\dungeonJS\package.json
8 silly cache add args [ 'express', null ]
9 verbose cache add spec express
10 silly cache add parsed spec Result {
10 silly cache add   raw: 'express',
10 silly cache add   scope: null,
10 silly cache add   name: 'express',
10 silly cache add   rawSpec: '',
10 silly cache add   spec: 'latest',
10 silly cache add   type: 'tag' }
11 silly addNamed express@latest
12 verbose addNamed "latest" is being treated as a dist-tag for express
13 info addNameTag [ 'express', 'latest' ]
14 silly mapToRegistry name express
15 silly mapToRegistry using default registry
16 silly mapToRegistry registry https://registry.npmjs.org/
17 silly mapToRegistry uri https://registry.npmjs.org/express
18 verbose addNameTag registry:https://registry.npmjs.org/express not in flight; fetching
19 verbose request uri https://registry.npmjs.org/express
20 verbose request no auth needed
21 info attempt registry request try #1 at 7:48:07 PM
22 verbose request id e092850bd03184de
23 verbose etag "123YDM8SWJAQYD5133EI822EF"
24 http request GET https://registry.npmjs.org/express
25 http 304 https://registry.npmjs.org/express
26 verbose headers { date: 'Tue, 02 Feb 2016 00:48:07 GMT',
26 verbose headers   via: '1.1 varnish',
26 verbose headers   'cache-control': 'max-age=300',
26 verbose headers   etag: '"123YDM8SWJAQYD5133EI822EF"',
26 verbose headers   age: '167',
26 verbose headers   connection: 'keep-alive',
26 verbose headers   'x-served-by': 'cache-atl6227-ATL',
26 verbose headers   'x-cache': 'HIT',
26 verbose headers   'x-cache-hits': '5',
26 verbose headers   'x-timer': 'S1454374087.980749,VS0,VE0',
26 verbose headers   vary: 'Accept' }
27 silly get cb [ 304,
27 silly get   { date: 'Tue, 02 Feb 2016 00:48:07 GMT',
27 silly get     via: '1.1 varnish',
27 silly get     'cache-control': 'max-age=300',
27 silly get     etag: '"123YDM8SWJAQYD5133EI822EF"',
27 silly get     age: '167',
27 silly get     connection: 'keep-alive',
27 silly get     'x-served-by': 'cache-atl6227-ATL',
27 silly get     'x-cache': 'HIT',
27 silly get     'x-cache-hits': '5',
27 silly get     'x-timer': 'S1454374087.980749,VS0,VE0',
27 silly get     vary: 'Accept' } ]
28 verbose etag https://registry.npmjs.org/express from cache
29 verbose get saving express to C:\Users\Eben\AppData\Roaming\npm-cache\registry.npmjs.org\express\.cache.json
30 silly addNameTag next cb for express with tag latest
31 silly addNamed express@4.13.4
32 verbose addNamed "4.13.4" is a plain semver version for express
33 silly cache afterAdd express@4.13.4
34 verbose afterAdd C:\Users\Eben\AppData\Roaming\npm-cache\express\4.13.4\package\package.json not in flight; writing
35 verbose afterAdd C:\Users\Eben\AppData\Roaming\npm-cache\express\4.13.4\package\package.json written
36 silly install resolved [ { name: 'express',
36 silly install resolved     description: 'Fast, unopinionated, minimalist web framework',
36 silly install resolved     version: '4.13.4',
36 silly install resolved     author: { name: 'TJ Holowaychuk', email: 'tj@vision-media.ca' },
36 silly install resolved     contributors:
36 silly install resolved      [ [Object],
36 silly install resolved        [Object],
36 silly install resolved        [Object],
36 silly install resolved        [Object],
36 silly install resolved        [Object],
36 silly install resolved        [Object],
36 silly install resolved        [Object] ],
36 silly install resolved     license: 'MIT',
36 silly install resolved     repository:
36 silly install resolved      { type: 'git',
36 silly install resolved        url: 'git+https://github.com/expressjs/express.git' },
36 silly install resolved     keywords:
36 silly install resolved      [ 'express',
36 silly install resolved        'framework',
36 silly install resolved        'sinatra',
36 silly install resolved        'web',
36 silly install resolved        'rest',
36 silly install resolved        'restful',
36 silly install resolved        'router',
36 silly install resolved        'app',
36 silly install resolved        'api' ],
36 silly install resolved     dependencies:
36 silly install resolved      { accepts: '~1.2.12',
36 silly install resolved        'array-flatten': '1.1.1',
36 silly install resolved        'content-disposition': '0.5.1',
36 silly install resolved        'content-type': '~1.0.1',
36 silly install resolved        cookie: '0.1.5',
36 silly install resolved        'cookie-signature': '1.0.6',
36 silly install resolved        debug: '~2.2.0',
36 silly install resolved        depd: '~1.1.0',
36 silly install resolved        'escape-html': '~1.0.3',
36 silly install resolved        etag: '~1.7.0',
36 silly install resolved        finalhandler: '0.4.1',
36 silly install resolved        fresh: '0.3.0',
36 silly install resolved        'merge-descriptors': '1.0.1',
36 silly install resolved        methods: '~1.1.2',
36 silly install resolved        'on-finished': '~2.3.0',
36 silly install resolved        parseurl: '~1.3.1',
36 silly install resolved        'path-to-regexp': '0.1.7',
36 silly install resolved        'proxy-addr': '~1.0.10',
36 silly install resolved        qs: '4.0.0',
36 silly install resolved        'range-parser': '~1.0.3',
36 silly install resolved        send: '0.13.1',
36 silly install resolved        'serve-static': '~1.10.2',
36 silly install resolved        'type-is': '~1.6.6',
36 silly install resolved        'utils-merge': '1.0.0',
36 silly install resolved        vary: '~1.0.1' },
36 silly install resolved     devDependencies:
36 silly install resolved      { after: '0.8.1',
36 silly install resolved        ejs: '2.3.4',
36 silly install resolved        istanbul: '0.4.2',
36 silly install resolved        marked: '0.3.5',
36 silly install resolved        mocha: '2.3.4',
36 silly install resolved        should: '7.1.1',
36 silly install resolved        supertest: '1.1.0',
36 silly install resolved        'body-parser': '~1.14.2',
36 silly install resolved        'connect-redis': '~2.4.1',
36 silly install resolved        'cookie-parser': '~1.4.1',
36 silly install resolved        'cookie-session': '~1.2.0',
36 silly install resolved        'express-session': '~1.13.0',
36 silly install resolved        jade: '~1.11.0',
36 silly install resolved        'method-override': '~2.3.5',
36 silly install resolved        morgan: '~1.6.1',
36 silly install resolved        multiparty: '~4.1.2',
36 silly install resolved        vhost: '~3.0.1' },
36 silly install resolved     engines: { node: '>= 0.10.0' },
36 silly install resolved     files: [ 'LICENSE', 'History.md', 'Readme.md', 'index.js', 'lib/' ],
36 silly install resolved     scripts:
36 silly install resolved      { test: 'mocha --require test/support/env --reporter spec --bail --check-leaks test/ test/acceptance/',
36 silly install resolved        'test-ci': 'istanbul cover node_modules/mocha/bin/_mocha --report lcovonly -- --require test/support/env --reporter spec --check-leaks test/ test/acceptance/',
36 silly install resolved        'test-cov': 'istanbul cover node_modules/mocha/bin/_mocha -- --require test/support/env --reporter dot --check-leaks test/ test/acceptance/',
36 silly install resolved        'test-tap': 'mocha --require test/support/env --reporter tap --check-leaks test/ test/acceptance/' },
36 silly install resolved     gitHead: '193bed2649c55c1fd362e46cd4702c773f3e7434',
36 silly install resolved     bugs: { url: 'https://github.com/expressjs/express/issues' },
36 silly install resolved     homepage: 'https://github.com/expressjs/express',
36 silly install resolved     _id: 'express@4.13.4',
36 silly install resolved     _shasum: '3c0b76f3c77590c8345739061ec0bd3ba067ec24',
36 silly install resolved     _from: 'express@latest',
36 silly install resolved     _npmVersion: '1.4.28',
36 silly install resolved     _npmUser: { name: 'dougwilson', email: 'doug@somethingdoug.com' },
36 silly install resolved     maintainers: [ [Object] ],
36 silly install resolved     dist:
36 silly install resolved      { shasum: '3c0b76f3c77590c8345739061ec0bd3ba067ec24',
36 silly install resolved        tarball: 'http://registry.npmjs.org/express/-/express-4.13.4.tgz' },
36 silly install resolved     directories: {},
36 silly install resolved     _resolved: 'https://registry.npmjs.org/express/-/express-4.13.4.tgz',
36 silly install resolved     readme: 'ERROR: No README data found!' } ]
37 info install express@4.13.4 into C:\Users\Eben\Google Drive\js_game\dungeonJS
38 info installOne express@4.13.4
39 verbose installOne of express to C:\Users\Eben\Google Drive\js_game\dungeonJS not in flight; installing
40 verbose lock using C:\Users\Eben\AppData\Roaming\npm-cache\_locks\express-339ac49d5e21f981.lock for C:\Users\Eben\Google Drive\js_game\dungeonJS\node_modules\express
41 silly install write writing express 4.13.4 to C:\Users\Eben\Google Drive\js_game\dungeonJS\node_modules\express
42 verbose unbuild node_modules\express
43 silly gentlyRm C:\Users\Eben\Google Drive\js_game\dungeonJS\node_modules\express is being purged from base C:\Users\Eben\Google Drive\js_game\dungeonJS
44 verbose gentlyRm don't care about contents; nuking C:\Users\Eben\Google Drive\js_game\dungeonJS\node_modules\express
45 silly vacuum-fs purging C:\Users\Eben\Google Drive\js_game\dungeonJS\node_modules\express
46 verbose unlock done using C:\Users\Eben\AppData\Roaming\npm-cache\_locks\express-339ac49d5e21f981.lock for C:\Users\Eben\Google Drive\js_game\dungeonJS\node_modules\express
47 verbose stack Error: EPERM: operation not permitted, rmdir 'C:\Users\Eben\Google Drive\js_game\dungeonJS\node_modules\express\lib\router'
47 verbose stack     at Error (native)
48 verbose cwd C:\Users\Eben\Google Drive\js_game\dungeonJS
49 error Windows_NT 10.0.10586
50 error argv "C:\\Program Files\\nodejs\\node.exe" "C:\\Program Files\\nodejs\\node_modules\\npm\\bin\\npm-cli.js" "install" "express"
51 error node v4.2.6
52 error npm  v2.14.12
53 error path C:\Users\Eben\Google Drive\js_game\dungeonJS\node_modules\express\lib\router
54 error code EPERM
55 error errno -4048
56 error syscall rmdir
57 error Error: EPERM: operation not permitted, rmdir 'C:\Users\Eben\Google Drive\js_game\dungeonJS\node_modules\express\lib\router'
57 error     at Error (native)
57 error  { [Error: EPERM: operation not permitted, rmdir 'C:\Users\Eben\Google Drive\js_game\dungeonJS\node_modules\express\lib\router']
57 error   errno: -4048,
57 error   code: 'EPERM',
57 error   syscall: 'rmdir',
57 error   path: 'C:\\Users\\Eben\\Google Drive\\js_game\\dungeonJS\\node_modules\\express\\lib\\router' }
58 error Please try running this command again as root/Administrator.
59 verbose exit [ -4048, true ]
60 verbose unbuild node_modules\express
61 silly gentlyRm C:\Users\Eben\Google Drive\js_game\dungeonJS\node_modules\express is being purged from base C:\Users\Eben\Google Drive\js_game\dungeonJS
62 verbose gentlyRm don't care about contents; nuking C:\Users\Eben\Google Drive\js_game\dungeonJS\node_modules\express
63 silly vacuum-fs purging C:\Users\Eben\Google Drive\js_game\dungeonJS\node_modules\express
64 error error rolling back Error: EPERM: operation not permitted, rmdir 'C:\Users\Eben\Google Drive\js_game\dungeonJS\node_modules\express\lib\middleware'
64 error error rolling back     at Error (native)
64 error error rolling back  { [Error: EPERM: operation not permitted, rmdir 'C:\Users\Eben\Google Drive\js_game\dungeonJS\node_modules\express\lib\middleware']
64 error error rolling back   errno: -4048,
64 error error rolling back   code: 'EPERM',
64 error error rolling back   syscall: 'rmdir',
64 error error rolling back   path: 'C:\\Users\\Eben\\Google Drive\\js_game\\dungeonJS\\node_modules\\express\\lib\\middleware' }
